  Grade.c
C:\Users\paulb\source\repos\test\test\Grade.c(4,1): error C2449: found '{' at file scope (missing function header?)
C:\Users\paulb\source\repos\test\test\Grade.c(38,1): error C2059: syntax error: '}'
